<?xml version="1.0" encoding="UTF-8"?>
<!-- Generated by org.testng.reporters.JUnitReportReporter -->
<testsuite hostname="Juels-MacBook-Pro.local" failures="0" tests="1" name="greendesk.greendeskAutomation.NewTest" time="1.658" errors="0" timestamp="16 Feb 2019 19:32:13 GMT" skipped="0">
  <testcase classname="greendesk.greendeskAutomation.NewTest" name="verify_that_info_for_member_has_login_link" time="1.658"/>
</testsuite> <!-- greendesk.greendeskAutomation.NewTest -->
