<?xml version="1.0" encoding="UTF-8"?>
<!-- Generated by org.testng.reporters.JUnitReportReporter -->
<testsuite hostname="Juels-MacBook-Pro.local" failures="0" tests="1" name="greendesk.greendeskAutomation.WellsFargo" time="6.521" errors="0" timestamp="16 Feb 2019 22:04:17 GMT" skipped="0">
  <testcase classname="greendesk.greendeskAutomation.WellsFargo" name="Verify_mortgage_calculator" time="6.521"/>
</testsuite> <!-- greendesk.greendeskAutomation.WellsFargo -->
